-------------------------------------------------------------------------------
Test set: couriers.ApiLoginCourierParametrizedTests
-------------------------------------------------------------------------------
Tests run: 10, Failures: 1, Errors: 9, Skipped: 0, Time elapsed: 9.279 s <<< FAILURE! - in couriers.ApiLoginCourierParametrizedTests
testLoginErrorMassageWithBadData[0](couriers.ApiLoginCourierParametrizedTests)  Time elapsed: 2.051 s  <<< FAILURE!
java.lang.AssertionError: ѕроверка сообщени€ об ошибке не проведена из-за несовпадени€ статус кода
	at couriers.ApiLoginCourierParametrizedTests.testLoginErrorMassageWithBadData(ApiLoginCourierParametrizedTests.java:85)

testLoginStatusCodeWithBadData[0](couriers.ApiLoginCourierParametrizedTests)  Time elapsed: 0.369 s  <<< ERROR!
java.lang.NullPointerException
	at couriers.ApiLoginCourierParametrizedTests.setUp(ApiLoginCourierParametrizedTests.java:50)

testLoginErrorMassageWithBadData[1](couriers.ApiLoginCourierParametrizedTests)  Time elapsed: 0.692 s  <<< ERROR!
java.lang.NullPointerException
	at couriers.ApiLoginCourierParametrizedTests.setUp(ApiLoginCourierParametrizedTests.java:50)

testLoginStatusCodeWithBadData[1](couriers.ApiLoginCourierParametrizedTests)  Time elapsed: 0.603 s  <<< ERROR!
java.lang.NullPointerException
	at couriers.ApiLoginCourierParametrizedTests.setUp(ApiLoginCourierParametrizedTests.java:50)

testLoginErrorMassageWithBadData[2](couriers.ApiLoginCourierParametrizedTests)  Time elapsed: 1.426 s  <<< ERROR!
java.lang.NullPointerException
	at couriers.ApiLoginCourierParametrizedTests.setUp(ApiLoginCourierParametrizedTests.java:50)

testLoginStatusCodeWithBadData[2](couriers.ApiLoginCourierParametrizedTests)  Time elapsed: 0.418 s  <<< ERROR!
java.lang.NullPointerException
	at couriers.ApiLoginCourierParametrizedTests.setUp(ApiLoginCourierParametrizedTests.java:50)

testLoginErrorMassageWithBadData[3](couriers.ApiLoginCourierParametrizedTests)  Time elapsed: 0.408 s  <<< ERROR!
java.lang.NullPointerException
	at couriers.ApiLoginCourierParametrizedTests.setUp(ApiLoginCourierParametrizedTests.java:50)

testLoginStatusCodeWithBadData[3](couriers.ApiLoginCourierParametrizedTests)  Time elapsed: 1.631 s  <<< ERROR!
java.lang.NullPointerException
	at couriers.ApiLoginCourierParametrizedTests.setUp(ApiLoginCourierParametrizedTests.java:50)

testLoginErrorMassageWithBadData[4](couriers.ApiLoginCourierParametrizedTests)  Time elapsed: 0.496 s  <<< ERROR!
java.lang.NullPointerException
	at couriers.ApiLoginCourierParametrizedTests.setUp(ApiLoginCourierParametrizedTests.java:50)

testLoginStatusCodeWithBadData[4](couriers.ApiLoginCourierParametrizedTests)  Time elapsed: 0.659 s  <<< ERROR!
java.lang.NullPointerException
	at couriers.ApiLoginCourierParametrizedTests.setUp(ApiLoginCourierParametrizedTests.java:50)

