-------------------------------------------------------------------------------
Test set: orders.ApiOrderAcceptTest
-------------------------------------------------------------------------------
Tests run: 5, Failures: 1, Errors: 0, Skipped: 0, Time elapsed: 72.714 s <<< FAILURE! - in orders.ApiOrderAcceptTest
testOrderAcceptWithOutIdOrder(orders.ApiOrderAcceptTest)  Time elapsed: 14.818 s  <<< FAILURE!
java.lang.AssertionError: Принятие заказа без Id заказа expected:<400> but was:<500>
	at orders.ApiOrderAcceptTest.testOrderAcceptWithOutIdOrder(ApiOrderAcceptTest.java:71)

